# JRE version: OpenJDK Runtime Environment Microsoft-13877124 (25.0.3+9) (build 25.0.3+9-LTS)
# Java VM: OpenJDK 64-Bit Server VM Microsoft-13877124 (25.0.3+9-LTS, mixed mode, sharing, tiered, compressed oops, compressed class ptrs, g1 gc, windows-amd64)
GC Precious Log:
 CardTable entry size: 512
 Card Set container configuration: InlinePtr #cards 5 size 8 Array Of Cards #cards 10 size 36 Howl #buckets 4 coarsen threshold 1843 Howl Bitmap #cards 512 size 80 coarsen threshold 460 Card regions per heap region 1 cards per card region 2048
 CPUs: 4 total, 4 available
 Memory: 3463M
 Large Page Support: Disabled
 NUMA Support: Disabled
 Compressed Oops: Enabled (32-bit)
 Heap Region Size: 1M
 Heap Min Capacity: 8M
 Heap Initial Capacity: 56M
 Heap Max Capacity: 866M
 Pre-touch: Disabled
 Parallel Workers: 4
 Concurrent Workers: 1
 Concurrent Refinement Workers: 4
 Periodic GC: Disabled
 G1 Time-Based Heap Sizing enabled (uncommit-only)
 Evaluation Interval: 60s, Uncommit Delay: 300s, Min Regions To Uncommit: 10
Heap:
 garbage-first heap   total reserved 886784K, committed 58368K, used 20857K [0x00000000c9e00000, 0x0000000100000000)
  region size 1024K, 9 young (9216K), 3 survivors (3072K)
GC Heap Usage History (8 events):
Event: 3.941 {heap Before GC invocations=0 (full 0):
 garbage-first heap   total reserved 886784K, committed 59392K, used 30866K [0x00000000c9e00000, 0x0000000100000000)
  region size 1024K, 28 young (28672K), 0 survivors (0K)
}
Event: 3.981 {heap After GC invocations=1 (full 0):
 garbage-first heap   total reserved 886784K, committed 59392K, used 8210K [0x00000000c9e00000, 0x0000000100000000)
  region size 1024K, 4 young (4096K), 4 survivors (4096K)
}
Event: 5.749 {heap Before GC invocations=1 (full 0):
 garbage-first heap   total reserved 886784K, committed 59392K, used 29714K [0x00000000c9e00000, 0x0000000100000000)
  region size 1024K, 26 young (26624K), 4 survivors (4096K)
}
Event: 5.756 {heap After GC invocations=2 (full 0):
 garbage-first heap   total reserved 886784K, committed 59392K, used 10183K [0x00000000c9e00000, 0x0000000100000000)
  region size 1024K, 2 young (2048K), 2 survivors (2048K)
}
Event: 7.436 {heap Before GC invocations=2 (full 0):
 garbage-first heap   total reserved 886784K, committed 59392K, used 35783K [0x00000000c9e00000, 0x0000000100000000)
  region size 1024K, 27 young (27648K), 2 survivors (2048K)
}
Event: 7.444 {heap After GC invocations=3 (full 0):
 garbage-first heap   total reserved 886784K, committed 59392K, used 12821K [0x00000000c9e00000, 0x0000000100000000)
  region size 1024K, 4 young (4096K), 4 survivors (4096K)
}
Event: 9.396 {heap Before GC invocations=3 (full 0):
 garbage-first heap   total reserved 886784K, committed 59392K, used 30229K [0x00000000c9e00000, 0x0000000100000000)
  region size 1024K, 22 young (22528K), 4 survivors (4096K)
}
Event: 9.409 {heap After GC invocations=4 (full 0):
 garbage-first heap   total reserved 886784K, committed 59392K, used 15737K [0x00000000c9e00000, 0x0000000100000000)
  region size 1024K, 3 young (3072K), 3 survivors (3072K)
}

