# JRE version: OpenJDK Runtime Environment Microsoft-13877124 (25.0.3+9) (build 25.0.3+9-LTS)
# Java VM: OpenJDK 64-Bit Server VM Microsoft-13877124 (25.0.3+9-LTS, mixed mode, sharing, tiered, compressed oops, compressed class ptrs, g1 gc, windows-amd64)
GC Precious Log:
 CardTable entry size: 512
 Card Set container configuration: InlinePtr #cards 5 size 8 Array Of Cards #cards 10 size 36 Howl #buckets 4 coarsen threshold 1843 Howl Bitmap #cards 512 size 80 coarsen threshold 460 Card regions per heap region 1 cards per card region 2048
 CPUs: 4 total, 4 available
 Memory: 3463M
 Large Page Support: Disabled
 NUMA Support: Disabled
 Compressed Oops: Enabled (32-bit)
 Heap Region Size: 1M
 Heap Min Capacity: 8M
 Heap Initial Capacity: 56M
 Heap Max Capacity: 866M
 Pre-touch: Disabled
 Parallel Workers: 4
 Concurrent Workers: 1
 Concurrent Refinement Workers: 4
 Periodic GC: Disabled
 G1 Time-Based Heap Sizing enabled (uncommit-only)
 Evaluation Interval: 60s, Uncommit Delay: 300s, Min Regions To Uncommit: 10
Heap:
 garbage-first heap   total reserved 886784K, committed 58368K, used 32725K [0x00000000c9e00000, 0x0000000100000000)
  region size 1024K, 11 young (11264K), 2 survivors (2048K)
GC Heap Usage History (18 events):
Event: 2.401 {heap Before GC invocations=0 (full 0):
 garbage-first heap   total reserved 886784K, committed 59392K, used 30866K [0x00000000c9e00000, 0x0000000100000000)
  region size 1024K, 28 young (28672K), 0 survivors (0K)
}
Event: 2.415 {heap After GC invocations=1 (full 0):
 garbage-first heap   total reserved 886784K, committed 59392K, used 8210K [0x00000000c9e00000, 0x0000000100000000)
  region size 1024K, 4 young (4096K), 4 survivors (4096K)
}
Event: 4.134 {heap Before GC invocations=1 (full 0):
 garbage-first heap   total reserved 886784K, committed 59392K, used 29714K [0x00000000c9e00000, 0x0000000100000000)
  region size 1024K, 26 young (26624K), 4 survivors (4096K)
}
Event: 4.144 {heap After GC invocations=2 (full 0):
 garbage-first heap   total reserved 886784K, committed 59392K, used 10245K [0x00000000c9e00000, 0x0000000100000000)
  region size 1024K, 2 young (2048K), 2 survivors (2048K)
}
Event: 6.169 {heap Before GC invocations=2 (full 0):
 garbage-first heap   total reserved 886784K, committed 59392K, used 34821K [0x00000000c9e00000, 0x0000000100000000)
  region size 1024K, 27 young (27648K), 2 survivors (2048K)
}
Event: 6.177 {heap After GC invocations=3 (full 0):
 garbage-first heap   total reserved 886784K, committed 59392K, used 12845K [0x00000000c9e00000, 0x0000000100000000)
  region size 1024K, 4 young (4096K), 4 survivors (4096K)
}
Event: 7.479 {heap Before GC invocations=3 (full 0):
 garbage-first heap   total reserved 886784K, committed 59392K, used 29229K [0x00000000c9e00000, 0x0000000100000000)
  region size 1024K, 21 young (21504K), 4 survivors (4096K)
}
Event: 7.496 {heap After GC invocations=4 (full 0):
 garbage-first heap   total reserved 886784K, committed 59392K, used 15635K [0x00000000c9e00000, 0x0000000100000000)
  region size 1024K, 3 young (3072K), 3 survivors (3072K)
}
Event: 9.890 {heap Before GC invocations=5 (full 0):
 garbage-first heap   total reserved 886784K, committed 58368K, used 41235K [0x00000000c9e00000, 0x0000000100000000)
  region size 1024K, 28 young (28672K), 3 survivors (3072K)
}
Event: 9.904 {heap After GC invocations=6 (full 0):
 garbage-first heap   total reserved 886784K, committed 58368K, used 18418K [0x00000000c9e00000, 0x0000000100000000)
  region size 1024K, 3 young (3072K), 3 survivors (3072K)
}
Event: 11.897 {heap Before GC invocations=6 (full 0):
 garbage-first heap   total reserved 886784K, committed 58368K, used 41970K [0x00000000c9e00000, 0x0000000100000000)
  region size 1024K, 27 young (27648K), 3 survivors (3072K)
}
Event: 11.905 {heap After GC invocations=7 (full 0):
 garbage-first heap   total reserved 886784K, committed 58368K, used 20426K [0x00000000c9e00000, 0x0000000100000000)
  region size 1024K, 3 young (3072K), 3 survivors (3072K)
}
Event: 13.374 {heap Before GC invocations=7 (full 0):
 garbage-first heap   total reserved 886784K, committed 58368K, used 38858K [0x00000000c9e00000, 0x0000000100000000)
  region size 1024K, 23 young (23552K), 3 survivors (3072K)
}
Event: 13.379 {heap After GC invocations=8 (full 0):
 garbage-first heap   total reserved 886784K, committed 58368K, used 21966K [0x00000000c9e00000, 0x0000000100000000)
  region size 1024K, 4 young (4096K), 4 survivors (4096K)
}
Event: 17.301 {heap Before GC invocations=9 (full 0):
 garbage-first heap   total reserved 886784K, committed 58368K, used 45518K [0x00000000c9e00000, 0x0000000100000000)
  region size 1024K, 28 young (28672K), 4 survivors (4096K)
}
Event: 17.308 {heap After GC invocations=10 (full 0):
 garbage-first heap   total reserved 886784K, committed 58368K, used 24261K [0x00000000c9e00000, 0x0000000100000000)
  region size 1024K, 4 young (4096K), 4 survivors (4096K)
}
Event: 18.851 {heap Before GC invocations=10 (full 0):
 garbage-first heap   total reserved 886784K, committed 58368K, used 46789K [0x00000000c9e00000, 0x0000000100000000)
  region size 1024K, 27 young (27648K), 4 survivors (4096K)
}
Event: 18.859 {heap After GC invocations=11 (full 0):
 garbage-first heap   total reserved 886784K, committed 58368K, used 25557K [0x00000000c9e00000, 0x0000000100000000)
  region size 1024K, 2 young (2048K), 2 survivors (2048K)
}

