# JRE version: OpenJDK Runtime Environment Microsoft-13877124 (25.0.3+9) (build 25.0.3+9-LTS)
# Java VM: OpenJDK 64-Bit Server VM Microsoft-13877124 (25.0.3+9-LTS, mixed mode, sharing, tiered, compressed oops, compressed class ptrs, g1 gc, windows-amd64)
GC Precious Log:
 CardTable entry size: 512
 Card Set container configuration: InlinePtr #cards 5 size 8 Array Of Cards #cards 10 size 36 Howl #buckets 4 coarsen threshold 1843 Howl Bitmap #cards 512 size 80 coarsen threshold 460 Card regions per heap region 1 cards per card region 2048
 CPUs: 4 total, 4 available
 Memory: 3463M
 Large Page Support: Disabled
 NUMA Support: Disabled
 Compressed Oops: Enabled (32-bit)
 Heap Region Size: 1M
 Heap Min Capacity: 8M
 Heap Initial Capacity: 56M
 Heap Max Capacity: 866M
 Pre-touch: Disabled
 Parallel Workers: 4
 Concurrent Workers: 1
 Concurrent Refinement Workers: 4
 Periodic GC: Disabled
 G1 Time-Based Heap Sizing enabled (uncommit-only)
 Evaluation Interval: 60s, Uncommit Delay: 300s, Min Regions To Uncommit: 10
Heap:
 garbage-first heap   total reserved 886784K, committed 58368K, used 37138K [0x00000000c9e00000, 0x0000000100000000)
  region size 1024K, 21 young (21504K), 4 survivors (4096K)
GC Heap Usage History (14 events):
Event: 2.530 {heap Before GC invocations=0 (full 0):
 garbage-first heap   total reserved 886784K, committed 59392K, used 30866K [0x00000000c9e00000, 0x0000000100000000)
  region size 1024K, 28 young (28672K), 0 survivors (0K)
}
Event: 2.543 {heap After GC invocations=1 (full 0):
 garbage-first heap   total reserved 886784K, committed 59392K, used 8154K [0x00000000c9e00000, 0x0000000100000000)
  region size 1024K, 4 young (4096K), 4 survivors (4096K)
}
Event: 3.554 {heap Before GC invocations=1 (full 0):
 garbage-first heap   total reserved 886784K, committed 59392K, used 30682K [0x00000000c9e00000, 0x0000000100000000)
  region size 1024K, 26 young (26624K), 4 survivors (4096K)
}
Event: 3.565 {heap After GC invocations=2 (full 0):
 garbage-first heap   total reserved 886784K, committed 59392K, used 9915K [0x00000000c9e00000, 0x0000000100000000)
  region size 1024K, 2 young (2048K), 2 survivors (2048K)
}
Event: 7.100 {heap Before GC invocations=2 (full 0):
 garbage-first heap   total reserved 886784K, committed 59392K, used 34491K [0x00000000c9e00000, 0x0000000100000000)
  region size 1024K, 27 young (27648K), 2 survivors (2048K)
}
Event: 7.107 {heap After GC invocations=3 (full 0):
 garbage-first heap   total reserved 886784K, committed 59392K, used 12728K [0x00000000c9e00000, 0x0000000100000000)
  region size 1024K, 4 young (4096K), 4 survivors (4096K)
}
Event: 9.554 {heap Before GC invocations=3 (full 0):
 garbage-first heap   total reserved 886784K, committed 59392K, used 29112K [0x00000000c9e00000, 0x0000000100000000)
  region size 1024K, 21 young (21504K), 4 survivors (4096K)
}
Event: 9.567 {heap After GC invocations=4 (full 0):
 garbage-first heap   total reserved 886784K, committed 59392K, used 16005K [0x00000000c9e00000, 0x0000000100000000)
  region size 1024K, 3 young (3072K), 3 survivors (3072K)
}
Event: 12.408 {heap Before GC invocations=5 (full 0):
 garbage-first heap   total reserved 886784K, committed 58368K, used 41605K [0x00000000c9e00000, 0x0000000100000000)
  region size 1024K, 28 young (28672K), 3 survivors (3072K)
}
Event: 12.420 {heap After GC invocations=6 (full 0):
 garbage-first heap   total reserved 886784K, committed 58368K, used 18168K [0x00000000c9e00000, 0x0000000100000000)
  region size 1024K, 3 young (3072K), 3 survivors (3072K)
}
Event: 15.516 {heap Before GC invocations=6 (full 0):
 garbage-first heap   total reserved 886784K, committed 58368K, used 41720K [0x00000000c9e00000, 0x0000000100000000)
  region size 1024K, 27 young (27648K), 3 survivors (3072K)
}
Event: 15.523 {heap After GC invocations=7 (full 0):
 garbage-first heap   total reserved 886784K, committed 58368K, used 20587K [0x00000000c9e00000, 0x0000000100000000)
  region size 1024K, 3 young (3072K), 3 survivors (3072K)
}
Event: 17.399 {heap Before GC invocations=7 (full 0):
 garbage-first heap   total reserved 886784K, committed 58368K, used 40043K [0x00000000c9e00000, 0x0000000100000000)
  region size 1024K, 24 young (24576K), 3 survivors (3072K)
}
Event: 17.403 {heap After GC invocations=8 (full 0):
 garbage-first heap   total reserved 886784K, committed 58368K, used 21778K [0x00000000c9e00000, 0x0000000100000000)
  region size 1024K, 4 young (4096K), 4 survivors (4096K)
}

