# JRE version: OpenJDK Runtime Environment Microsoft-13877124 (25.0.3+9) (build 25.0.3+9-LTS)
# Java VM: OpenJDK 64-Bit Server VM Microsoft-13877124 (25.0.3+9-LTS, mixed mode, sharing, tiered, compressed oops, compressed class ptrs, g1 gc, windows-amd64)
GC Precious Log:
 CardTable entry size: 512
 Card Set container configuration: InlinePtr #cards 5 size 8 Array Of Cards #cards 10 size 36 Howl #buckets 4 coarsen threshold 1843 Howl Bitmap #cards 512 size 80 coarsen threshold 460 Card regions per heap region 1 cards per card region 2048
 CPUs: 4 total, 4 available
 Memory: 3463M
 Large Page Support: Disabled
 NUMA Support: Disabled
 Compressed Oops: Enabled (32-bit)
 Heap Region Size: 1M
 Heap Min Capacity: 8M
 Heap Initial Capacity: 56M
 Heap Max Capacity: 866M
 Pre-touch: Disabled
 Parallel Workers: 4
 Concurrent Workers: 1
 Concurrent Refinement Workers: 4
 Periodic GC: Disabled
 G1 Time-Based Heap Sizing enabled (uncommit-only)
 Evaluation Interval: 60s, Uncommit Delay: 300s, Min Regions To Uncommit: 10
Heap:
 garbage-first heap   total reserved 886784K, committed 57344K, used 47343K [0x00000000c9e00000, 0x0000000100000000)
  region size 1024K, 17 young (17408K), 1 survivors (1024K)
GC Heap Usage History (20 events):
Event: 17.354 {heap Before GC invocations=12 (full 0):
 garbage-first heap   total reserved 886784K, committed 58368K, used 26649K [0x00000000c9e00000, 0x0000000100000000)
  region size 1024K, 4 young (4096K), 3 survivors (3072K)
}
Event: 17.360 {heap After GC invocations=13 (full 0):
 garbage-first heap   total reserved 886784K, committed 58368K, used 26924K [0x00000000c9e00000, 0x0000000100000000)
  region size 1024K, 2 young (2048K), 2 survivors (2048K)
}
Event: 18.945 {heap Before GC invocations=14 (full 0):
 garbage-first heap   total reserved 886784K, committed 58368K, used 51500K [0x00000000c9e00000, 0x0000000100000000)
  region size 1024K, 26 young (26624K), 2 survivors (2048K)
}
Event: 18.952 {heap After GC invocations=15 (full 0):
 garbage-first heap   total reserved 886784K, committed 58368K, used 28578K [0x00000000c9e00000, 0x0000000100000000)
  region size 1024K, 3 young (3072K), 3 survivors (3072K)
}
Event: 20.076 {heap Before GC invocations=15 (full 0):
 garbage-first heap   total reserved 886784K, committed 58368K, used 51106K [0x00000000c9e00000, 0x0000000100000000)
  region size 1024K, 26 young (26624K), 3 survivors (3072K)
}
Event: 20.087 {heap After GC invocations=16 (full 0):
 garbage-first heap   total reserved 886784K, committed 58368K, used 30400K [0x00000000c9e00000, 0x0000000100000000)
  region size 1024K, 4 young (4096K), 4 survivors (4096K)
}
Event: 781.731 {heap Before GC invocations=16 (full 0):
 garbage-first heap   total reserved 886784K, committed 58368K, used 51904K [0x00000000c9e00000, 0x0000000100000000)
  region size 1024K, 26 young (26624K), 4 survivors (4096K)
}
Event: 782.338 {heap After GC invocations=17 (full 0):
 garbage-first heap   total reserved 886784K, committed 59392K, used 32232K [0x00000000c9e00000, 0x0000000100000000)
  region size 1024K, 4 young (4096K), 4 survivors (4096K)
}
Event: 993.462 {heap Before GC invocations=18 (full 0):
 garbage-first heap   total reserved 886784K, committed 59392K, used 34280K [0x00000000c9e00000, 0x0000000100000000)
  region size 1024K, 7 young (7168K), 4 survivors (4096K)
}
Event: 993.625 {heap After GC invocations=19 (full 0):
 garbage-first heap   total reserved 886784K, committed 59392K, used 33055K [0x00000000c9e00000, 0x0000000100000000)
  region size 1024K, 1 young (1024K), 1 survivors (1024K)
}
Event: 1789.674 {heap Before GC invocations=19 (full 0):
 garbage-first heap   total reserved 886784K, committed 57344K, used 52511K [0x00000000c9e00000, 0x0000000100000000)
  region size 1024K, 21 young (21504K), 1 survivors (1024K)
}
Event: 1789.918 {heap After GC invocations=20 (full 0):
 garbage-first heap   total reserved 886784K, committed 58368K, used 33223K [0x00000000c9e00000, 0x0000000100000000)
  region size 1024K, 2 young (2048K), 2 survivors (2048K)
}
Event: 3636.373 {heap Before GC invocations=20 (full 0):
 garbage-first heap   total reserved 886784K, committed 57344K, used 51655K [0x00000000c9e00000, 0x0000000100000000)
  region size 1024K, 21 young (21504K), 2 survivors (2048K)
}
Event: 3636.494 {heap After GC invocations=21 (full 0):
 garbage-first heap   total reserved 886784K, committed 57344K, used 34584K [0x00000000c9e00000, 0x0000000100000000)
  region size 1024K, 3 young (3072K), 3 survivors (3072K)
}
Event: 4720.296 {heap Before GC invocations=22 (full 0):
 garbage-first heap   total reserved 886784K, committed 58368K, used 49944K [0x00000000c9e00000, 0x0000000100000000)
  region size 1024K, 19 young (19456K), 3 survivors (3072K)
}
Event: 4720.602 {heap After GC invocations=23 (full 0):
 garbage-first heap   total reserved 886784K, committed 58368K, used 35312K [0x00000000c9e00000, 0x0000000100000000)
  region size 1024K, 2 young (2048K), 2 survivors (2048K)
}
Event: 6742.112 {heap Before GC invocations=23 (full 0):
 garbage-first heap   total reserved 886784K, committed 57344K, used 50672K [0x00000000c9e00000, 0x0000000100000000)
  region size 1024K, 18 young (18432K), 2 survivors (2048K)
}
Event: 6742.508 {heap After GC invocations=24 (full 0):
 garbage-first heap   total reserved 886784K, committed 59392K, used 33049K [0x00000000c9e00000, 0x0000000100000000)
  region size 1024K, 2 young (2048K), 2 survivors (2048K)
}
Event: 6919.791 {heap Before GC invocations=24 (full 0):
 garbage-first heap   total reserved 886784K, committed 59392K, used 34073K [0x00000000c9e00000, 0x0000000100000000)
  region size 1024K, 3 young (3072K), 2 survivors (2048K)
}
Event: 6920.015 {heap After GC invocations=25 (full 0):
 garbage-first heap   total reserved 886784K, committed 59392K, used 31983K [0x00000000c9e00000, 0x0000000100000000)
  region size 1024K, 1 young (1024K), 1 survivors (1024K)
}

