# JRE version: OpenJDK Runtime Environment Temurin-21.0.11+10 (21.0.11+10) (build 21.0.11+10-LTS)
# Java VM: OpenJDK 64-Bit Server VM Temurin-21.0.11+10 (21.0.11+10-LTS, mixed mode, sharing, tiered, compressed oops, compressed class ptrs, parallel gc, windows-amd64)
GC Precious Log:
 CardTable entry size: 512
 CPUs: 4 total, 4 available
 Memory: 3463M
 Large Page Support: Disabled
 NUMA Support: Disabled
 Compressed Oops: Enabled (32-bit)
 Alignments: Space 512K, Generation 512K, Heap 2M
 Heap Min Capacity: 100M
 Heap Initial Capacity: 100M
 Heap Max Capacity: 2G
 Pre-touch: Disabled
 Parallel Workers: 4
Heap:
 PSYoungGen      total 19456K, used 10881K [0x00000000d5580000, 0x00000000d7080000, 0x0000000100000000)
  eden space 18432K, 54% used [0x00000000d5580000,0x00000000d5f433b8,0x00000000d6780000)
  from space 1024K, 86% used [0x00000000d6f80000,0x00000000d705d240,0x00000000d7080000)
  to   space 1536K, 0% used [0x00000000d6d80000,0x00000000d6d80000,0x00000000d6f00000)
 ParOldGen       total 1208832K, used 273099K [0x0000000080000000, 0x00000000c9c80000, 0x00000000d5580000)
  object space 1208832K, 22% used [0x0000000080000000,0x0000000090ab2e28,0x00000000c9c80000)
 Metaspace       used 101774K, committed 103680K, reserved 1179648K
  class space    used 10468K, committed 11392K, reserved 1048576K
GC Heap History (20 events):
Event: 14444.802 GC heap before
{Heap before GC invocations=2857 (full 6):
 PSYoungGen      total 14336K, used 13704K [0x00000000d5580000, 0x00000000d6b00000, 0x0000000100000000)
  eden space 11776K, 95% used [0x00000000d5580000,0x00000000d606d300,0x00000000d6100000)
  from space 2560K, 98% used [0x00000000d6880000,0x00000000d6af4e40,0x00000000d6b00000)
  to   space 4608K, 0% used [0x00000000d6200000,0x00000000d6200000,0x00000000d6680000)
 ParOldGen       total 1208832K, used 238407K [0x0000000080000000, 0x00000000c9c80000, 0x00000000d5580000)
  object space 1208832K, 19% used [0x0000000080000000,0x000000008e8d1f58,0x00000000c9c80000)
 Metaspace       used 101727K, committed 103680K, reserved 1179648K
  class space    used 10465K, committed 11392K, reserved 1048576K
}
Event: 14444.809 GC heap after
{Heap after GC invocations=2857 (full 6):
 PSYoungGen      total 16384K, used 1839K [0x00000000d5580000, 0x00000000d6900000, 0x0000000100000000)
  eden space 11776K, 0% used [0x00000000d5580000,0x00000000d5580000,0x00000000d6100000)
  from space 4608K, 39% used [0x00000000d6200000,0x00000000d63cbf50,0x00000000d6680000)
  to   space 2560K, 0% used [0x00000000d6680000,0x00000000d6680000,0x00000000d6900000)
 ParOldGen       total 1208832K, used 238767K [0x0000000080000000, 0x00000000c9c80000, 0x00000000d5580000)
  object space 1208832K, 19% used [0x0000000080000000,0x000000008e92bf58,0x00000000c9c80000)
 Metaspace       used 101727K, committed 103680K, reserved 1179648K
  class space    used 10465K, committed 11392K, reserved 1048576K
}
Event: 14445.735 GC heap before
{Heap before GC invocations=2858 (full 6):
 PSYoungGen      total 16384K, used 13596K [0x00000000d5580000, 0x00000000d6900000, 0x0000000100000000)
  eden space 11776K, 99% used [0x00000000d5580000,0x00000000d60fb3c8,0x00000000d6100000)
  from space 4608K, 39% used [0x00000000d6200000,0x00000000d63cbf50,0x00000000d6680000)
  to   space 2560K, 0% used [0x00000000d6680000,0x00000000d6680000,0x00000000d6900000)
 ParOldGen       total 1208832K, used 238767K [0x0000000080000000, 0x00000000c9c80000, 0x00000000d5580000)
  object space 1208832K, 19% used [0x0000000080000000,0x000000008e92bf58,0x00000000c9c80000)
 Metaspace       used 101727K, committed 103680K, reserved 1179648K
  class space    used 10465K, committed 11392K, reserved 1048576K
}
Event: 14445.747 GC heap after
{Heap after GC invocations=2858 (full 6):
 PSYoungGen      total 12288K, used 218K [0x00000000d5580000, 0x00000000d6700000, 0x0000000100000000)
  eden space 11776K, 0% used [0x00000000d5580000,0x00000000d5580000,0x00000000d6100000)
  from space 512K, 42% used [0x00000000d6680000,0x00000000d66b6900,0x00000000d6700000)
  to   space 1024K, 0% used [0x00000000d6500000,0x00000000d6500000,0x00000000d6600000)
 ParOldGen       total 1208832K, used 239716K [0x0000000080000000, 0x00000000c9c80000, 0x00000000d5580000)
  object space 1208832K, 19% used [0x0000000080000000,0x000000008ea19300,0x00000000c9c80000)
 Metaspace       used 101727K, committed 103680K, reserved 1179648K
  class space    used 10465K, committed 11392K, reserved 1048576K
}
Event: 14446.166 GC heap before
{Heap before GC invocations=2859 (full 6):
 PSYoungGen      total 12288K, used 11994K [0x00000000d5580000, 0x00000000d6700000, 0x0000000100000000)
  eden space 11776K, 100% used [0x00000000d5580000,0x00000000d6100000,0x00000000d6100000)
  from space 512K, 42% used [0x00000000d6680000,0x00000000d66b6900,0x00000000d6700000)
  to   space 1024K, 0% used [0x00000000d6500000,0x00000000d6500000,0x00000000d6600000)
 ParOldGen       total 1208832K, used 239716K [0x0000000080000000, 0x00000000c9c80000, 0x00000000d5580000)
  object space 1208832K, 19% used [0x0000000080000000,0x000000008ea19300,0x00000000c9c80000)
 Metaspace       used 101727K, committed 103680K, reserved 1179648K
  class space    used 10465K, committed 11392K, reserved 1048576K
}
Event: 14446.191 GC heap after
{Heap after GC invocations=2859 (full 6):
 PSYoungGen      total 12800K, used 1008K [0x00000000d5580000, 0x00000000d6b00000, 0x0000000100000000)
  eden space 11776K, 0% used [0x00000000d5580000,0x00000000d5580000,0x00000000d6100000)
  from space 1024K, 98% used [0x00000000d6500000,0x00000000d65fc1a0,0x00000000d6600000)
  to   space 5120K, 0% used [0x00000000d6600000,0x00000000d6600000,0x00000000d6b00000)
 ParOldGen       total 1208832K, used 242785K [0x0000000080000000, 0x00000000c9c80000, 0x00000000d5580000)
  object space 1208832K, 20% used [0x0000000080000000,0x000000008ed18418,0x00000000c9c80000)
 Metaspace       used 101727K, committed 103680K, reserved 1179648K
  class space    used 10465K, committed 11392K, reserved 1048576K
}
Event: 14447.444 GC heap before
{Heap before GC invocations=2860 (full 6):
 PSYoungGen      total 12800K, used 12784K [0x00000000d5580000, 0x00000000d6b00000, 0x0000000100000000)
  eden space 11776K, 100% used [0x00000000d5580000,0x00000000d6100000,0x00000000d6100000)
  from space 1024K, 98% used [0x00000000d6500000,0x00000000d65fc1a0,0x00000000d6600000)
  to   space 5120K, 0% used [0x00000000d6600000,0x00000000d6600000,0x00000000d6b00000)
 ParOldGen       total 1208832K, used 242785K [0x0000000080000000, 0x00000000c9c80000, 0x00000000d5580000)
  object space 1208832K, 20% used [0x0000000080000000,0x000000008ed18418,0x00000000c9c80000)
 Metaspace       used 101728K, committed 103680K, reserved 1179648K
  class space    used 10465K, committed 11392K, reserved 1048576K
}
Event: 14447.454 GC heap after
{Heap after GC invocations=2860 (full 6):
 PSYoungGen      total 14848K, used 2667K [0x00000000d5580000, 0x00000000d6900000, 0x0000000100000000)
  eden space 11776K, 0% used [0x00000000d5580000,0x00000000d5580000,0x00000000d6100000)
  from space 3072K, 86% used [0x00000000d6600000,0x00000000d689ac90,0x00000000d6900000)
  to   space 3584K, 0% used [0x00000000d6200000,0x00000000d6200000,0x00000000d6580000)
 ParOldGen       total 1208832K, used 242833K [0x0000000080000000, 0x00000000c9c80000, 0x00000000d5580000)
  object space 1208832K, 20% used [0x0000000080000000,0x000000008ed24418,0x00000000c9c80000)
 Metaspace       used 101728K, committed 103680K, reserved 1179648K
  class space    used 10465K, committed 11392K, reserved 1048576K
}
Event: 14447.616 GC heap before
{Heap before GC invocations=2861 (full 6):
 PSYoungGen      total 14848K, used 14443K [0x00000000d5580000, 0x00000000d6900000, 0x0000000100000000)
  eden space 11776K, 100% used [0x00000000d5580000,0x00000000d6100000,0x00000000d6100000)
  from space 3072K, 86% used [0x00000000d6600000,0x00000000d689ac90,0x00000000d6900000)
  to   space 3584K, 0% used [0x00000000d6200000,0x00000000d6200000,0x00000000d6580000)
 ParOldGen       total 1208832K, used 242833K [0x0000000080000000, 0x00000000c9c80000, 0x00000000d5580000)
  object space 1208832K, 20% used [0x0000000080000000,0x000000008ed24418,0x00000000c9c80000)
 Metaspace       used 101728K, committed 103680K, reserved 1179648K
  class space    used 10465K, committed 11392K, reserved 1048576K
}
Event: 14448.506 GC heap after
{Heap after GC invocations=2861 (full 6):
 PSYoungGen      total 16384K, used 3582K [0x00000000d5580000, 0x00000000d8580000, 0x0000000100000000)
  eden space 12800K, 0% used [0x00000000d5580000,0x00000000d5580000,0x00000000d6200000)
  from space 3584K, 99% used [0x00000000d6200000,0x00000000d657f800,0x00000000d6580000)
  to   space 17408K, 0% used [0x00000000d7480000,0x00000000d7480000,0x00000000d8580000)
 ParOldGen       total 1208832K, used 254465K [0x0000000080000000, 0x00000000c9c80000, 0x00000000d5580000)
  object space 1208832K, 21% used [0x0000000080000000,0x000000008f8807f0,0x00000000c9c80000)
 Metaspace       used 101728K, committed 103680K, reserved 1179648K
  class space    used 10465K, committed 11392K, reserved 1048576K
}
Event: 14448.716 GC heap before
{Heap before GC invocations=2862 (full 6):
 PSYoungGen      total 16384K, used 16382K [0x00000000d5580000, 0x00000000d8580000, 0x0000000100000000)
  eden space 12800K, 100% used [0x00000000d5580000,0x00000000d6200000,0x00000000d6200000)
  from space 3584K, 99% used [0x00000000d6200000,0x00000000d657f800,0x00000000d6580000)
  to   space 17408K, 0% used [0x00000000d7480000,0x00000000d7480000,0x00000000d8580000)
 ParOldGen       total 1208832K, used 254465K [0x0000000080000000, 0x00000000c9c80000, 0x00000000d5580000)
  object space 1208832K, 21% used [0x0000000080000000,0x000000008f8807f0,0x00000000c9c80000)
 Metaspace       used 101730K, committed 103680K, reserved 1179648K
  class space    used 10465K, committed 11392K, reserved 1048576K
}
Event: 14448.776 GC heap after
{Heap after GC invocations=2862 (full 6):
 PSYoungGen      total 23552K, used 7741K [0x00000000d5580000, 0x00000000d7c80000, 0x0000000100000000)
  eden space 15360K, 0% used [0x00000000d5580000,0x00000000d5580000,0x00000000d6480000)
  from space 8192K, 94% used [0x00000000d7480000,0x00000000d7c0f4b8,0x00000000d7c80000)
  to   space 10752K, 0% used [0x00000000d6780000,0x00000000d6780000,0x00000000d7200000)
 ParOldGen       total 1208832K, used 257962K [0x0000000080000000, 0x00000000c9c80000, 0x00000000d5580000)
  object space 1208832K, 21% used [0x0000000080000000,0x000000008fbea800,0x00000000c9c80000)
 Metaspace       used 101730K, committed 103680K, reserved 1179648K
  class space    used 10465K, committed 11392K, reserved 1048576K
}
Event: 14450.923 GC heap before
{Heap before GC invocations=2863 (full 6):
 PSYoungGen      total 23552K, used 23101K [0x00000000d5580000, 0x00000000d7c80000, 0x0000000100000000)
  eden space 15360K, 100% used [0x00000000d5580000,0x00000000d6480000,0x00000000d6480000)
  from space 8192K, 94% used [0x00000000d7480000,0x00000000d7c0f4b8,0x00000000d7c80000)
  to   space 10752K, 0% used [0x00000000d6780000,0x00000000d6780000,0x00000000d7200000)
 ParOldGen       total 1208832K, used 257962K [0x0000000080000000, 0x00000000c9c80000, 0x00000000d5580000)
  object space 1208832K, 21% used [0x0000000080000000,0x000000008fbea800,0x00000000c9c80000)
 Metaspace       used 101736K, committed 103680K, reserved 1179648K
  class space    used 10466K, committed 11392K, reserved 1048576K
}
Event: 14451.025 GC heap after
{Heap after GC invocations=2863 (full 6):
 PSYoungGen      total 29184K, used 10304K [0x00000000d5580000, 0x00000000d7d80000, 0x0000000100000000)
  eden space 18432K, 0% used [0x00000000d5580000,0x00000000d5580000,0x00000000d6780000)
  from space 10752K, 95% used [0x00000000d6780000,0x00000000d7190140,0x00000000d7200000)
  to   space 11264K, 0% used [0x00000000d7280000,0x00000000d7280000,0x00000000d7d80000)
 ParOldGen       total 1208832K, used 262039K [0x0000000080000000, 0x00000000c9c80000, 0x00000000d5580000)
  object space 1208832K, 21% used [0x0000000080000000,0x000000008ffe5ca8,0x00000000c9c80000)
 Metaspace       used 101736K, committed 103680K, reserved 1179648K
  class space    used 10466K, committed 11392K, reserved 1048576K
}
Event: 14457.910 GC heap before
{Heap before GC invocations=2864 (full 6):
 PSYoungGen      total 29184K, used 28736K [0x00000000d5580000, 0x00000000d7d80000, 0x0000000100000000)
  eden space 18432K, 100% used [0x00000000d5580000,0x00000000d6780000,0x00000000d6780000)
  from space 10752K, 95% used [0x00000000d6780000,0x00000000d7190140,0x00000000d7200000)
  to   space 11264K, 0% used [0x00000000d7280000,0x00000000d7280000,0x00000000d7d80000)
 ParOldGen       total 1208832K, used 262039K [0x0000000080000000, 0x00000000c9c80000, 0x00000000d5580000)
  object space 1208832K, 21% used [0x0000000080000000,0x000000008ffe5ca8,0x00000000c9c80000)
 Metaspace       used 101753K, committed 103680K, reserved 1179648K
  class space    used 10466K, committed 11392K, reserved 1048576K
}
Event: 14458.216 GC heap after
{Heap after GC invocations=2864 (full 6):
 PSYoungGen      total 25088K, used 6378K [0x00000000d5580000, 0x00000000d7900000, 0x0000000100000000)
  eden space 18432K, 0% used [0x00000000d5580000,0x00000000d5580000,0x00000000d6780000)
  from space 6656K, 95% used [0x00000000d7280000,0x00000000d78ba800,0x00000000d7900000)
  to   space 8192K, 0% used [0x00000000d6900000,0x00000000d6900000,0x00000000d7100000)
 ParOldGen       total 1208832K, used 272158K [0x0000000080000000, 0x00000000c9c80000, 0x00000000d5580000)
  object space 1208832K, 22% used [0x0000000080000000,0x00000000909c7be8,0x00000000c9c80000)
 Metaspace       used 101753K, committed 103680K, reserved 1179648K
  class space    used 10466K, committed 11392K, reserved 1048576K
}
Event: 14559.386 GC heap before
{Heap before GC invocations=2865 (full 6):
 PSYoungGen      total 25088K, used 24802K [0x00000000d5580000, 0x00000000d7900000, 0x0000000100000000)
  eden space 18432K, 99% used [0x00000000d5580000,0x00000000d677e110,0x00000000d6780000)
  from space 6656K, 95% used [0x00000000d7280000,0x00000000d78ba800,0x00000000d7900000)
  to   space 8192K, 0% used [0x00000000d6900000,0x00000000d6900000,0x00000000d7100000)
 ParOldGen       total 1208832K, used 272158K [0x0000000080000000, 0x00000000c9c80000, 0x00000000d5580000)
  object space 1208832K, 22% used [0x0000000080000000,0x00000000909c7be8,0x00000000c9c80000)
 Metaspace       used 101764K, committed 103680K, reserved 1179648K
  class space    used 10466K, committed 11392K, reserved 1048576K
}
Event: 14559.668 GC heap after
{Heap after GC invocations=2865 (full 6):
 PSYoungGen      total 19456K, used 900K [0x00000000d5580000, 0x00000000d7300000, 0x0000000100000000)
  eden space 18432K, 0% used [0x00000000d5580000,0x00000000d5580000,0x00000000d6780000)
  from space 1024K, 87% used [0x00000000d6900000,0x00000000d69e1230,0x00000000d6a00000)
  to   space 3584K, 0% used [0x00000000d6f80000,0x00000000d6f80000,0x00000000d7300000)
 ParOldGen       total 1208832K, used 272262K [0x0000000080000000, 0x00000000c9c80000, 0x00000000d5580000)
  object space 1208832K, 22% used [0x0000000080000000,0x00000000909e1be8,0x00000000c9c80000)
 Metaspace       used 101764K, committed 103680K, reserved 1179648K
  class space    used 10466K, committed 11392K, reserved 1048576K
}
Event: 14562.106 GC heap before
{Heap before GC invocations=2866 (full 6):
 PSYoungGen      total 19456K, used 19332K [0x00000000d5580000, 0x00000000d7300000, 0x0000000100000000)
  eden space 18432K, 100% used [0x00000000d5580000,0x00000000d6780000,0x00000000d6780000)
  from space 1024K, 87% used [0x00000000d6900000,0x00000000d69e1230,0x00000000d6a00000)
  to   space 3584K, 0% used [0x00000000d6f80000,0x00000000d6f80000,0x00000000d7300000)
 ParOldGen       total 1208832K, used 272262K [0x0000000080000000, 0x00000000c9c80000, 0x00000000d5580000)
  object space 1208832K, 22% used [0x0000000080000000,0x00000000909e1be8,0x00000000c9c80000)
 Metaspace       used 101773K, committed 103680K, reserved 1179648K
  class space    used 10468K, committed 11392K, reserved 1048576K
}
Event: 14562.124 GC heap after
{Heap after GC invocations=2866 (full 6):
 PSYoungGen      total 19456K, used 884K [0x00000000d5580000, 0x00000000d7080000, 0x0000000100000000)
  eden space 18432K, 0% used [0x00000000d5580000,0x00000000d5580000,0x00000000d6780000)
  from space 1024K, 86% used [0x00000000d6f80000,0x00000000d705d240,0x00000000d7080000)
  to   space 1536K, 0% used [0x00000000d6d80000,0x00000000d6d80000,0x00000000d6f00000)
 ParOldGen       total 1208832K, used 273099K [0x0000000080000000, 0x00000000c9c80000, 0x00000000d5580000)
  object space 1208832K, 22% used [0x0000000080000000,0x0000000090ab2e28,0x00000000c9c80000)
 Metaspace       used 101773K, committed 103680K, reserved 1179648K
  class space    used 10468K, committed 11392K, reserved 1048576K
}

